<?xml version="1.0" encoding="UTF-8"?>
<!-- Generated by org.testng.reporters.JUnitReportReporter -->
<testsuite skipped="0" hostname="Arkus" name="NewTest" tests="1" failures="0" timestamp="25 фев 2018 11:42:02 GMT" time="0.010" errors="0">
  <testcase name="f" time="0.010" classname="NewTest"/>
</testsuite> <!-- NewTest -->
