<?xml version="1.0" encoding="UTF-8"?>
<!-- Generated by org.testng.reporters.JUnitReportReporter -->
<testsuite skipped="0" hostname="Arkus" name="RegisterTests" tests="1" failures="0" timestamp="21 мар 2018 21:08:30 GMT" time="0.237" errors="0">
  <testcase name="OperationalMethod" time="0.237" classname="RegisterTests"/>
</testsuite> <!-- RegisterTests -->
