<?xml version="1.0" encoding="UTF-8"?>
<!-- Generated by org.testng.reporters.JUnitReportReporter -->
<testsuite skipped="0" hostname="Arkus" name="InstallationTests" tests="1" failures="0" timestamp="17 мар 2018 14:50:21 GMT" time="6.720" errors="0">
  <testcase name="setUp" time="6.720" classname="InstallationTests"/>
</testsuite> <!-- InstallationTests -->
